<?xml version="1.0" encoding="UTF-8"?>
<!-- Generated by org.testng.reporters.JUnitReportReporter -->
<testsuite hostname="CHALAMA" failures="0" tests="2" name="com.nurture.TestCases.DeleteListingTest" time="52.499" errors="0" timestamp="2021-02-24T23:49:08 IST" skipped="0">
  <testcase classname="com.nurture.TestCases.DeleteListingTest" name="LoginWithListUser" time="17.656"/>
  <testcase classname="com.nurture.TestCases.DeleteListingTest" name="DeleteList" time="34.843"/>
</testsuite> <!-- com.nurture.TestCases.DeleteListingTest -->
