<?xml version="1.0" encoding="UTF-8"?>
<!-- Generated by org.testng.reporters.JUnitReportReporter -->
<testsuite hostname="CHALAMA" failures="0" tests="4" name="com.nurture.TestCases.RejectContractTest" time="86.149" errors="0" timestamp="2021-02-25T00:14:56 IST" skipped="0">
  <testcase classname="com.nurture.TestCases.RejectContractTest" name="LoginWithBuyerUser" time="12.230"/>
  <testcase classname="com.nurture.TestCases.RejectContractTest" name="ContractShare" time="41.597"/>
  <testcase classname="com.nurture.TestCases.RejectContractTest" name="LoginWithSellerUser" time="12.160"/>
  <testcase classname="com.nurture.TestCases.RejectContractTest" name="RejectContract" time="20.162"/>
</testsuite> <!-- com.nurture.TestCases.RejectContractTest -->
