<?xml version="1.0" encoding="UTF-8"?>
<!-- Generated by org.testng.reporters.JUnitReportReporter -->
<testsuite hostname="CHALAMA" failures="0" tests="4" name="com.nurture.TestCases.RegistrationTest" time="294.729" errors="0" timestamp="2021-03-09T13:58:05 IST" skipped="0">
  <testcase classname="com.nurture.TestCases.RegistrationTest" name="LoginWithNonRegister_GeneralDetails" time="207.665"/>
  <testcase classname="com.nurture.TestCases.RegistrationTest" name="Registration_FinancialDetails" time="65.440"/>
  <testcase classname="com.nurture.TestCases.RegistrationTest" name="Registration_TermsACondtions" time="12.323"/>
  <testcase classname="com.nurture.TestCases.RegistrationTest" name="Registration_Complete" time="9.301"/>
</testsuite> <!-- com.nurture.TestCases.RegistrationTest -->
