<?xml version="1.0" encoding="UTF-8"?>
<!-- Generated by org.testng.reporters.JUnitReportReporter -->
<testsuite hostname="CHALAMA" failures="0" tests="6" name="com.nurture.TestCases.SignupTest" time="152.371" errors="0" timestamp="2021-02-25T00:34:41 IST" skipped="0">
  <testcase classname="com.nurture.TestCases.SignupTest" name="ValidSignupDetails" time="41.431"/>
  <testcase classname="com.nurture.TestCases.SignupTest" name="InvalidSignup" time="22.200"/>
  <testcase classname="com.nurture.TestCases.SignupTest" name="InvalidSignup" time="21.874"/>
  <testcase classname="com.nurture.TestCases.SignupTest" name="InvalidSignup" time="22.511"/>
  <testcase classname="com.nurture.TestCases.SignupTest" name="InvalidSignup" time="22.024"/>
  <testcase classname="com.nurture.TestCases.SignupTest" name="InvalidSignup" time="22.331"/>
</testsuite> <!-- com.nurture.TestCases.SignupTest -->
