<?xml version="1.0" encoding="UTF-8"?>
<!-- Generated by org.testng.reporters.JUnitReportReporter -->
<testsuite hostname="CHALAMA" failures="0" tests="8" name="com.nurture.TestCases.ManualLoginTest" time="47.183" errors="0" timestamp="2021-02-25T00:34:41 IST" skipped="0">
  <testcase classname="com.nurture.TestCases.ManualLoginTest" name="LoginWithBlank" time="4.362"/>
  <testcase classname="com.nurture.TestCases.ManualLoginTest" name="LoginWithInvalidData" time="5.162"/>
  <testcase classname="com.nurture.TestCases.ManualLoginTest" name="LoginWithInvalidData" time="5.429"/>
  <testcase classname="com.nurture.TestCases.ManualLoginTest" name="LoginWithInvalidData" time="4.722"/>
  <testcase classname="com.nurture.TestCases.ManualLoginTest" name="LoginWithInvalidData" time="5.417"/>
  <testcase classname="com.nurture.TestCases.ManualLoginTest" name="LoginWithInvalidData" time="5.016"/>
  <testcase classname="com.nurture.TestCases.ManualLoginTest" name="LoginWithValidData" time="10.348"/>
  <testcase classname="com.nurture.TestCases.ManualLoginTest" name="VerifyTheLogo" time="6.727"/>
</testsuite> <!-- com.nurture.TestCases.ManualLoginTest -->
