<?xml version="1.0" encoding="UTF-8"?>
<!-- Generated by org.testng.reporters.JUnitReportReporter -->
<testsuite hostname="CHALAMA" failures="0" tests="1" name="com.nurture.TestCases.ListingsTest" time="28.865" errors="0" timestamp="2021-03-09T22:30:45 IST" skipped="0">
  <testcase classname="com.nurture.TestCases.ListingsTest" name="List" time="28.865"/>
</testsuite> <!-- com.nurture.TestCases.ListingsTest -->
