<?xml version="1.0" encoding="UTF-8"?>
<!-- Generated by org.testng.reporters.JUnitReportReporter -->
<testsuite hostname="CHALAMA" failures="0" tests="12" name="com.nurture.TestCases.Contract_OrdersTest" time="264.723" errors="0" timestamp="2021-03-09T23:55:07 IST" skipped="0">
  <testcase classname="com.nurture.TestCases.Contract_OrdersTest" name="LoginWithBuyerUser" time="16.485"/>
  <testcase classname="com.nurture.TestCases.Contract_OrdersTest" name="ContractShare" time="48.280"/>
  <testcase classname="com.nurture.TestCases.Contract_OrdersTest" name="LoginWithSellerUser" time="10.934"/>
  <testcase classname="com.nurture.TestCases.Contract_OrdersTest" name="ApproveContract" time="24.278"/>
  <testcase classname="com.nurture.TestCases.Contract_OrdersTest" name="LoginWithBuyer" time="12.681"/>
  <testcase classname="com.nurture.TestCases.Contract_OrdersTest" name="BuyerProccedToPayment" time="45.083"/>
  <testcase classname="com.nurture.TestCases.Contract_OrdersTest" name="LoginWithSeller" time="10.326"/>
  <testcase classname="com.nurture.TestCases.Contract_OrdersTest" name="InitiatePayment" time="26.836"/>
  <testcase classname="com.nurture.TestCases.Contract_OrdersTest" name="LoginWithBuyerAccount" time="13.291"/>
  <testcase classname="com.nurture.TestCases.Contract_OrdersTest" name="DownloadBuyerInvoice" time="22.887"/>
  <testcase classname="com.nurture.TestCases.Contract_OrdersTest" name="LoginWithSellerAccount" time="12.605"/>
  <testcase classname="com.nurture.TestCases.Contract_OrdersTest" name="DownloadSellerInvoice" time="21.037"/>
</testsuite> <!-- com.nurture.TestCases.Contract_OrdersTest -->
