<?xml version="1.0" encoding="UTF-8"?>
<!-- Generated by org.testng.reporters.JUnitReportReporter -->
<testsuite hostname="CHALAMA" failures="0" tests="12" name="com.nurture.TestCases.Contract_OrdersTest" time="245.300" errors="0" timestamp="2021-02-25T00:11:36 IST" skipped="0">
  <testcase classname="com.nurture.TestCases.Contract_OrdersTest" name="LoginWithBuyerUser" time="13.859"/>
  <testcase classname="com.nurture.TestCases.Contract_OrdersTest" name="ContractShare" time="40.429"/>
  <testcase classname="com.nurture.TestCases.Contract_OrdersTest" name="LoginWithSellerUser" time="11.652"/>
  <testcase classname="com.nurture.TestCases.Contract_OrdersTest" name="ApproveContract" time="24.218"/>
  <testcase classname="com.nurture.TestCases.Contract_OrdersTest" name="LoginWithBuyer" time="10.424"/>
  <testcase classname="com.nurture.TestCases.Contract_OrdersTest" name="BuyerProccedToPayment" time="42.797"/>
  <testcase classname="com.nurture.TestCases.Contract_OrdersTest" name="LoginWithSeller" time="10.284"/>
  <testcase classname="com.nurture.TestCases.Contract_OrdersTest" name="InitiatePayment" time="27.004"/>
  <testcase classname="com.nurture.TestCases.Contract_OrdersTest" name="LoginWithBuyerAccount" time="10.476"/>
  <testcase classname="com.nurture.TestCases.Contract_OrdersTest" name="DownloadBuyerInvoice" time="22.751"/>
  <testcase classname="com.nurture.TestCases.Contract_OrdersTest" name="LoginWithSellerAccount" time="10.889"/>
  <testcase classname="com.nurture.TestCases.Contract_OrdersTest" name="DownloadSellerInvoice" time="20.517"/>
</testsuite> <!-- com.nurture.TestCases.Contract_OrdersTest -->
