<?xml version="1.0" encoding="UTF-8"?>
<!-- Generated by org.testng.reporters.JUnitReportReporter -->
<testsuite hostname="CHALAMA" failures="0" tests="3" name="com.nurture.TestCases.CreateListingTest" time="106.371" errors="0" timestamp="2021-02-24T23:39:11 IST" skipped="0">
  <testcase classname="com.nurture.TestCases.CreateListingTest" name="LoginWithRegisterUSer" time="21.594"/>
  <testcase classname="com.nurture.TestCases.CreateListingTest" name="NavtigateCreateListing" time="10.788"/>
  <testcase classname="com.nurture.TestCases.CreateListingTest" name="CreateList" time="73.989"/>
</testsuite> <!-- com.nurture.TestCases.CreateListingTest -->
