<?xml version="1.0" encoding="UTF-8"?>
<!-- Generated by org.testng.reporters.JUnitReportReporter -->
<testsuite hostname="CHALAMA" failures="0" tests="1" name="com.nurture.TestCases.SellersDashboardTest" time="16.795" errors="0" timestamp="2021-03-09T16:47:06 IST" skipped="0">
  <testcase classname="com.nurture.TestCases.SellersDashboardTest" name="SellerDashboard" time="16.795"/>
</testsuite> <!-- com.nurture.TestCases.SellersDashboardTest -->
