<?xml version="1.0" encoding="UTF-8"?>
<!-- Generated by org.testng.reporters.JUnitReportReporter -->
<testsuite hostname="CHALAMA" failures="0" tests="3" name="com.nurture.TestCases.CreateListingTest" time="115.162" errors="0" timestamp="2021-03-09T13:00:46 IST" skipped="0">
  <testcase classname="com.nurture.TestCases.CreateListingTest" name="LoginWithRegisterUSer" time="18.867"/>
  <testcase classname="com.nurture.TestCases.CreateListingTest" name="NavtigateCreateListing" time="10.606"/>
  <testcase classname="com.nurture.TestCases.CreateListingTest" name="CreateList" time="85.689"/>
</testsuite> <!-- com.nurture.TestCases.CreateListingTest -->
