<?xml version="1.0" encoding="UTF-8"?>
<!-- Generated by org.testng.reporters.JUnitReportReporter -->
<testsuite hostname="CHALAMA" failures="0" tests="1" name="com.nurture.TestCases.ProfileTest" time="18.291" errors="0" timestamp="2021-03-09T17:19:04 IST" skipped="0">
  <testcase classname="com.nurture.TestCases.ProfileTest" name="Profile" time="18.291"/>
</testsuite> <!-- com.nurture.TestCases.ProfileTest -->
