<?xml version="1.0" encoding="UTF-8"?>
<!-- Generated by org.testng.reporters.JUnitReportReporter -->
<testsuite hostname="CHALAMA" failures="0" tests="4" name="com.nurture.TestCases.RegistrationTest" time="183.154" errors="0" timestamp="2021-02-24T22:20:35 IST" skipped="0">
  <testcase classname="com.nurture.TestCases.RegistrationTest" name="LoginWithNonRegister_GeneralDetails" time="94.671"/>
  <testcase classname="com.nurture.TestCases.RegistrationTest" name="Registration_FinancialDetails" time="65.724"/>
  <testcase classname="com.nurture.TestCases.RegistrationTest" name="Registration_TermsACondtions" time="12.361"/>
  <testcase classname="com.nurture.TestCases.RegistrationTest" name="Registration_Complete" time="10.398"/>
</testsuite> <!-- com.nurture.TestCases.RegistrationTest -->
