<?xml version="1.0" encoding="UTF-8"?>
<!-- Generated by org.testng.reporters.JUnitReportReporter -->
<testsuite hostname="CHALAMA" failures="0" tests="6" name="com.nurture.TestCases.SignupTest" time="149.096" errors="0" timestamp="2021-03-09T14:06:25 IST" skipped="0">
  <testcase classname="com.nurture.TestCases.SignupTest" name="ValidSignupDetails" time="37.653"/>
  <testcase classname="com.nurture.TestCases.SignupTest" name="InvalidSignup" time="22.584"/>
  <testcase classname="com.nurture.TestCases.SignupTest" name="InvalidSignup" time="22.138"/>
  <testcase classname="com.nurture.TestCases.SignupTest" name="InvalidSignup" time="21.881"/>
  <testcase classname="com.nurture.TestCases.SignupTest" name="InvalidSignup" time="22.207"/>
  <testcase classname="com.nurture.TestCases.SignupTest" name="InvalidSignup" time="22.633"/>
</testsuite> <!-- com.nurture.TestCases.SignupTest -->
