<?xml version="1.0" encoding="UTF-8"?>
<!-- Generated by org.testng.reporters.JUnitReportReporter -->
<testsuite hostname="CHALAMA" failures="0" tests="2" name="com.nurture.TestCases.DeleteListingTest" time="45.147" errors="0" timestamp="2021-03-09T14:01:15 IST" skipped="0">
  <testcase classname="com.nurture.TestCases.DeleteListingTest" name="LoginWithListUser" time="16.552"/>
  <testcase classname="com.nurture.TestCases.DeleteListingTest" name="DeleteList" time="28.595"/>
</testsuite> <!-- com.nurture.TestCases.DeleteListingTest -->
