<?xml version="1.0" encoding="UTF-8"?>
<!-- Generated by org.testng.reporters.JUnitReportReporter -->
<testsuite hostname="CHALAMA" failures="0" tests="1" name="com.nurture.TestCases.ProfileTest" time="22.691" errors="0" timestamp="2021-02-24T22:25:24 IST" skipped="0">
  <testcase classname="com.nurture.TestCases.ProfileTest" name="Profile" time="22.691"/>
</testsuite> <!-- com.nurture.TestCases.ProfileTest -->
