<?xml version="1.0" encoding="UTF-8"?>
<!-- Generated by org.testng.reporters.JUnitReportReporter -->
<testsuite hostname="CHALAMA" failures="0" tests="1" name="com.nurture.TestCases.SellersDashboardTest" time="14.027" errors="0" timestamp="2021-02-25T00:34:41 IST" skipped="0">
  <testcase classname="com.nurture.TestCases.SellersDashboardTest" name="SellerDashboard" time="14.027"/>
</testsuite> <!-- com.nurture.TestCases.SellersDashboardTest -->
