<?xml version="1.0" encoding="UTF-8"?>
<!-- Generated by org.testng.reporters.JUnitReportReporter -->
<testsuite hostname="CHALAMA" failures="0" tests="1" name="com.nurture.TestCases.BuyersDashboardTest" time="23.290" errors="0" timestamp="2021-03-09T22:26:22 IST" skipped="0">
  <testcase classname="com.nurture.TestCases.BuyersDashboardTest" name="BuyerDashboard" time="23.290"/>
</testsuite> <!-- com.nurture.TestCases.BuyersDashboardTest -->
