<?xml version="1.0" encoding="UTF-8"?>
<!-- Generated by org.testng.reporters.JUnitReportReporter -->
<testsuite hostname="CHALAMA" failures="0" tests="8" name="com.nurture.TestCases.ManualLoginTest" time="62.100" errors="0" timestamp="2021-03-09T14:03:14 IST" skipped="0">
  <testcase classname="com.nurture.TestCases.ManualLoginTest" name="LoginWithBlank" time="13.882"/>
  <testcase classname="com.nurture.TestCases.ManualLoginTest" name="LoginWithInvalidData" time="6.067"/>
  <testcase classname="com.nurture.TestCases.ManualLoginTest" name="LoginWithInvalidData" time="5.608"/>
  <testcase classname="com.nurture.TestCases.ManualLoginTest" name="LoginWithInvalidData" time="5.481"/>
  <testcase classname="com.nurture.TestCases.ManualLoginTest" name="LoginWithInvalidData" time="5.016"/>
  <testcase classname="com.nurture.TestCases.ManualLoginTest" name="LoginWithInvalidData" time="5.310"/>
  <testcase classname="com.nurture.TestCases.ManualLoginTest" name="LoginWithValidData" time="12.276"/>
  <testcase classname="com.nurture.TestCases.ManualLoginTest" name="VerifyTheLogo" time="8.460"/>
</testsuite> <!-- com.nurture.TestCases.ManualLoginTest -->
