<?xml version="1.0" encoding="UTF-8"?>
<!-- Generated by org.testng.reporters.JUnitReportReporter -->
<testsuite hostname="CHALAMA" failures="0" tests="4" name="com.nurture.TestCases.RegistrationTest" time="194.813" errors="0" timestamp="2021-02-25T01:35:55 IST" skipped="0">
  <testcase classname="com.nurture.TestCases.RegistrationTest" name="LoginWithNonRegister_GeneralDetails" time="99.763"/>
  <system-out/>
  <testcase classname="com.nurture.TestCases.RegistrationTest" name="Registration_FinancialDetails" time="73.127"/>
  <system-out/>
  <testcase classname="com.nurture.TestCases.RegistrationTest" name="Registration_TermsACondtions" time="12.590"/>
  <system-out/>
  <testcase classname="com.nurture.TestCases.RegistrationTest" name="Registration_Complete" time="9.333"/>
  <system-out/>
</testsuite> <!-- com.nurture.TestCases.RegistrationTest -->
