<?xml version="1.0" encoding="UTF-8"?>
<!-- Generated by org.testng.reporters.JUnitReportReporter -->
<testsuite hostname="CHALAMA" failures="0" tests="8" name="com.nurture.TestCases.ManualLoginTest" time="49.134" errors="0" timestamp="2021-02-25T01:35:55 IST" skipped="0">
  <testcase classname="com.nurture.TestCases.ManualLoginTest" name="LoginWithBlank" time="4.527"/>
  <system-out/>
  <testcase classname="com.nurture.TestCases.ManualLoginTest" name="LoginWithInvalidData" time="4.701"/>
  <system-out/>
  <testcase classname="com.nurture.TestCases.ManualLoginTest" name="LoginWithInvalidData" time="5.038"/>
  <system-out/>
  <testcase classname="com.nurture.TestCases.ManualLoginTest" name="LoginWithInvalidData" time="5.168"/>
  <system-out/>
  <testcase classname="com.nurture.TestCases.ManualLoginTest" name="LoginWithInvalidData" time="5.223"/>
  <system-out/>
  <testcase classname="com.nurture.TestCases.ManualLoginTest" name="LoginWithInvalidData" time="5.004"/>
  <system-out/>
  <testcase classname="com.nurture.TestCases.ManualLoginTest" name="LoginWithValidData" time="10.467"/>
  <system-out/>
  <testcase classname="com.nurture.TestCases.ManualLoginTest" name="VerifyTheLogo" time="9.006"/>
  <system-out/>
</testsuite> <!-- com.nurture.TestCases.ManualLoginTest -->
