<?xml version="1.0" encoding="UTF-8"?>
<!-- Generated by org.testng.reporters.JUnitReportReporter -->
<testsuite hostname="CHALAMA" failures="0" tests="1" name="com.nurture.TestCases.SellersDashboardTest" time="13.680" errors="0" timestamp="2021-02-25T01:35:55 IST" skipped="0">
  <testcase classname="com.nurture.TestCases.SellersDashboardTest" name="SellerDashboard" time="13.680"/>
  <system-out/>
</testsuite> <!-- com.nurture.TestCases.SellersDashboardTest -->
