<?xml version="1.0" encoding="UTF-8"?>
<!-- Generated by org.testng.reporters.JUnitReportReporter -->
<testsuite hostname="CHALAMA" failures="0" tests="12" name="com.nurture.TestCases.Contract_OrdersTest" time="243.778" errors="0" timestamp="2021-02-25T01:35:55 IST" skipped="0">
  <testcase classname="com.nurture.TestCases.Contract_OrdersTest" name="LoginWithBuyerUser" time="12.757"/>
  <system-out/>
  <testcase classname="com.nurture.TestCases.Contract_OrdersTest" name="ContractShare" time="40.473"/>
  <system-out/>
  <testcase classname="com.nurture.TestCases.Contract_OrdersTest" name="LoginWithSellerUser" time="10.733"/>
  <system-out/>
  <testcase classname="com.nurture.TestCases.Contract_OrdersTest" name="ApproveContract" time="24.234"/>
  <system-out/>
  <testcase classname="com.nurture.TestCases.Contract_OrdersTest" name="LoginWithBuyer" time="10.409"/>
  <system-out/>
  <testcase classname="com.nurture.TestCases.Contract_OrdersTest" name="BuyerProccedToPayment" time="42.796"/>
  <system-out/>
  <testcase classname="com.nurture.TestCases.Contract_OrdersTest" name="LoginWithSeller" time="10.351"/>
  <system-out/>
  <testcase classname="com.nurture.TestCases.Contract_OrdersTest" name="InitiatePayment" time="27.014"/>
  <system-out/>
  <testcase classname="com.nurture.TestCases.Contract_OrdersTest" name="LoginWithBuyerAccount" time="10.548"/>
  <system-out/>
  <testcase classname="com.nurture.TestCases.Contract_OrdersTest" name="DownloadBuyerInvoice" time="22.857"/>
  <system-out/>
  <testcase classname="com.nurture.TestCases.Contract_OrdersTest" name="LoginWithSellerAccount" time="10.786"/>
  <system-out/>
  <testcase classname="com.nurture.TestCases.Contract_OrdersTest" name="DownloadSellerInvoice" time="20.820"/>
  <system-out/>
</testsuite> <!-- com.nurture.TestCases.Contract_OrdersTest -->
