<?xml version="1.0" encoding="UTF-8"?>
<!-- Generated by org.testng.reporters.JUnitReportReporter -->
<testsuite hostname="CHALAMA" failures="0" tests="3" name="com.nurture.TestCases.CreateListingTest" time="101.178" errors="0" timestamp="2021-02-25T01:35:55 IST" skipped="0">
  <testcase classname="com.nurture.TestCases.CreateListingTest" name="LoginWithRegisterUSer" time="19.121"/>
  <system-out/>
  <testcase classname="com.nurture.TestCases.CreateListingTest" name="NavtigateCreateListing" time="9.977"/>
  <system-out/>
  <testcase classname="com.nurture.TestCases.CreateListingTest" name="CreateList" time="72.080"/>
  <system-out/>
</testsuite> <!-- com.nurture.TestCases.CreateListingTest -->
