<?xml version="1.0" encoding="UTF-8"?>
<!-- Generated by org.testng.reporters.JUnitReportReporter -->
<testsuite hostname="CHALAMA" failures="0" tests="6" name="com.nurture.TestCases.SignupTest" time="155.356" errors="0" timestamp="2021-02-25T01:35:55 IST" skipped="0">
  <testcase classname="com.nurture.TestCases.SignupTest" name="ValidSignupDetails" time="43.698"/>
  <system-out/>
  <testcase classname="com.nurture.TestCases.SignupTest" name="InvalidSignup" time="22.695"/>
  <system-out/>
  <testcase classname="com.nurture.TestCases.SignupTest" name="InvalidSignup" time="22.679"/>
  <system-out/>
  <testcase classname="com.nurture.TestCases.SignupTest" name="InvalidSignup" time="22.114"/>
  <system-out/>
  <testcase classname="com.nurture.TestCases.SignupTest" name="InvalidSignup" time="22.002"/>
  <system-out/>
  <testcase classname="com.nurture.TestCases.SignupTest" name="InvalidSignup" time="22.168"/>
  <system-out/>
</testsuite> <!-- com.nurture.TestCases.SignupTest -->
