<?xml version="1.0" encoding="UTF-8"?>
<!-- Generated by org.testng.reporters.JUnitReportReporter -->
<testsuite hostname="CHALAMA" failures="0" tests="4" name="com.nurture.TestCases.RejectContractTest" time="98.955" errors="0" timestamp="2021-02-25T01:35:55 IST" skipped="0">
  <testcase classname="com.nurture.TestCases.RejectContractTest" name="LoginWithBuyerUser" time="15.351"/>
  <system-out/>
  <testcase classname="com.nurture.TestCases.RejectContractTest" name="ContractShare" time="41.154"/>
  <system-out/>
  <testcase classname="com.nurture.TestCases.RejectContractTest" name="LoginWithSellerUser" time="19.737"/>
  <system-out/>
  <testcase classname="com.nurture.TestCases.RejectContractTest" name="RejectContract" time="22.713"/>
  <system-out/>
</testsuite> <!-- com.nurture.TestCases.RejectContractTest -->
