<?xml version="1.0" encoding="UTF-8"?>
<!-- Generated by org.testng.reporters.JUnitReportReporter -->
<testsuite hostname="CHALAMA" failures="0" tests="2" name="com.nurture.TestCases.DeleteListingTest" time="41.121" errors="0" timestamp="2021-02-25T01:35:55 IST" skipped="0">
  <testcase classname="com.nurture.TestCases.DeleteListingTest" name="LoginWithListUser" time="13.810"/>
  <system-out/>
  <testcase classname="com.nurture.TestCases.DeleteListingTest" name="DeleteList" time="27.311"/>
  <system-out/>
</testsuite> <!-- com.nurture.TestCases.DeleteListingTest -->
