<?xml version="1.0" encoding="UTF-8"?>
<!-- Generated by org.testng.reporters.JUnitReportReporter -->
<testsuite hostname="CHALAMA" failures="0" tests="1" name="com.nurture.TestCases.ListingsTest" time="26.688" errors="0" timestamp="2021-02-25T01:35:55 IST" skipped="0">
  <testcase classname="com.nurture.TestCases.ListingsTest" name="List" time="26.688"/>
  <system-out/>
</testsuite> <!-- com.nurture.TestCases.ListingsTest -->
